<?xml version="1.0" encoding="UTF-8"?>
<!-- Generated by org.testng.reporters.JUnitXMLReporter -->
<testsuite ignored="0" hostname="IN-IT10569" failures="0" tests="39" name="Test" time="532.232" errors="0" timestamp="2022-11-11T14:36:04 IST">
  <testcase classname="com.orangehrmlive.tc.TC1" name="verifylogo" time="0.052"/>
  <testcase classname="com.orangehrmlive.tc.TC1" name="verifyLoginPanel" time="0.037"/>
  <testcase classname="com.orangehrmlive.tc.TC1" name="login" time="7.334"/>
  <testcase classname="com.orangehrmlive.tc.TC1" name="HomepageNavigation" time="0.01"/>
  <testcase classname="com.orangehrmlive.tc.TC1" name="verifyEmpMgt" time="0.029"/>
  <testcase classname="com.orangehrmlive.tc.TC2" name="verifyWidget" time="1.268"/>
  <testcase classname="com.orangehrmlive.tc.TC3" name="verifyProfileDisplay" time="0.039"/>
  <testcase classname="com.orangehrmlive.tc.TC3" name="verifyUserProfileOptions" time="0.28"/>
  <testcase classname="com.orangehrmlive.tc.TC3" name="verifyEmployeeCount" time="1.2"/>
  <testcase classname="com.orangehrmlive.tc.TC3" name="verifyCompanyDetails" time="0.368"/>
  <testcase classname="com.orangehrmlive.tc.TC3" name="popupClose" time="0.052"/>
  <testcase classname="com.orangehrmlive.tc.TC4" name="verifyUserPersonalInfo" time="18.236"/>
  <testcase classname="com.orangehrmlive.tc.TC4" name="verifyPayableCTC" time="4.685"/>
  <testcase classname="com.orangehrmlive.tc.TC5" name="verifyDefaultPerPageRecord" time="7.125"/>
  <testcase classname="com.orangehrmlive.tc.TC5" name="verifyTotalRecordInTable" time="0.048"/>
  <testcase classname="com.orangehrmlive.tc.TC6" name="VerifyUserAddNewSkill" time="23.386"/>
  <testcase classname="com.orangehrmlive.tc.TC7" name="setNewNameofOrganization" time="8.665"/>
  <testcase classname="com.orangehrmlive.tc.TC7" name="verifyNumberofEmpField" time="0.133"/>
  <testcase classname="com.orangehrmlive.tc.TC7" name="verifyChangedOrganisationName" time="1.364"/>
  <testcase classname="com.orangehrmlive.tc.TC8" name="VerifyDefaultNavigationToLeaveList" time="0.202"/>
  <testcase classname="com.orangehrmlive.tc.TC8" name="verfifyPendingApprovalChkboxStstus" time="2.339"/>
  <testcase classname="com.orangehrmlive.tc.TC8" name="verifyDatesTextBox" time="0.05"/>
  <testcase classname="com.orangehrmlive.tc.TC8" name="verfifyLeavesInTable" time="0.013"/>
  <testcase classname="com.orangehrmlive.tc.TC9" name="VerifyDefaultNavigationToLeaveList" time="60.366"/>
  <testcase classname="com.orangehrmlive.tc.TC10" name="ValidateNavigationToGoalPage" time="34.795"/>
  <testcase classname="com.orangehrmlive.tc.TC10" name="validateNavigationFromHomeBtn" time="0.193"/>
  <testcase classname="com.orangehrmlive.tc.TC11" name="VerifyshortcutItemCount" time="0.271"/>
  <testcase classname="com.orangehrmlive.tc.TC12" name="moveQuickAccessWidget" time="1.234"/>
  <testcase classname="com.orangehrmlive.tc.TC13" name="verifyAllCandidateCount" time="17.4"/>
  <testcase classname="com.orangehrmlive.tc.TC14" name="verifyAllcandidateCountOfTableHeader" time="20.883"/>
  <testcase classname="com.orangehrmlive.tc.TC14" name="verifyApplicationsReceivedCountOfTableHeader" time="3.278"/>
  <testcase classname="com.orangehrmlive.tc.TC14" name="verifyHiredCountOfTableHeader" time="2.172"/>
  <testcase classname="com.orangehrmlive.tc.TC14" name="verifyInProgressCountOfTableHeader" time="4.206"/>
  <testcase classname="com.orangehrmlive.tc.TC14" name="verifyJobOfferCountOfTableHeader" time="1.983"/>
  <testcase classname="com.orangehrmlive.tc.TC14" name="verifyRejectedCountOfTableHeader" time="2.26"/>
  <testcase classname="com.orangehrmlive.tc.TC14" name="verifyShortlistedCountOfTableHeader" time="1.44"/>
  <testcase classname="com.orangehrmlive.tc.TC15" name="verifyTableRowCount" time="25.596"/>
  <testcase classname="com.orangehrmlive.tc.TC16" name="verifyInfoUpdateStatusMessage" time="12.497"/>
  <testcase classname="com.orangehrmlive.tc.TC16" name="verifyUpdatedmiddleName" time="7.753"/>
</testsuite> <!-- Test -->
